<?xml version="1.0" encoding="UTF-8"?>
<testsuite xmlns:xsi="http://www.w3.org/2001/XMLSchema-instance" xsi:noNamespaceSchemaLocation="https://maven.apache.org/surefire/maven-surefire-plugin/xsd/surefire-test-report.xsd" name="dao.impl.PrecioTest" time="0.31" tests="7" errors="0" skipped="0" failures="0">
  <properties>
    <property name="java.specification.version" value="17"/>
    <property name="sun.cpu.isalist" value="amd64"/>
    <property name="sun.jnu.encoding" value="Cp1252"/>
    <property name="java.class.path" value="C:\Users\BreakingNS\Documents\ProyectoSoftwareTiendaRep\target\test-classes;C:\Users\BreakingNS\Documents\ProyectoSoftwareTiendaRep\target\classes;C:\Users\BreakingNS\.m2\repository\com\h2database\h2\2.2.220\h2-2.2.220.jar;C:\Users\BreakingNS\.m2\repository\org\junit\jupiter\junit-jupiter-api\5.9.3\junit-jupiter-api-5.9.3.jar;C:\Users\BreakingNS\.m2\repository\org\opentest4j\opentest4j\1.2.0\opentest4j-1.2.0.jar;C:\Users\BreakingNS\.m2\repository\org\junit\platform\junit-platform-commons\1.9.3\junit-platform-commons-1.9.3.jar;C:\Users\BreakingNS\.m2\repository\org\apiguardian\apiguardian-api\1.1.2\apiguardian-api-1.1.2.jar;C:\Users\BreakingNS\.m2\repository\org\junit\jupiter\junit-jupiter-engine\5.9.3\junit-jupiter-engine-5.9.3.jar;C:\Users\BreakingNS\.m2\repository\org\junit\platform\junit-platform-engine\1.9.3\junit-platform-engine-1.9.3.jar;"/>
    <property name="java.vm.vendor" value="Oracle Corporation"/>
    <property name="sun.arch.data.model" value="64"/>
    <property name="user.variant" value=""/>
    <property name="java.vendor.url" value="https://java.oracle.com/"/>
    <property name="user.timezone" value="America/Buenos_Aires"/>
    <property name="os.name" value="Windows 10"/>
    <property name="java.vm.specification.version" value="17"/>
    <property name="user.country" value="AR"/>
    <property name="sun.java.launcher" value="SUN_STANDARD"/>
    <property name="sun.boot.library.path" value="D:\Program Files\Java\jdk-17\bin"/>
    <property name="sun.java.command" value="C:\Users\BREAKI~1\AppData\Local\Temp\surefire17165656550662287536\surefirebooter5454611796602786552.jar C:\Users\BreakingNS\AppData\Local\Temp\surefire17165656550662287536 2024-09-10T09-05-11_050-jvmRun1 surefire17328188281147196484tmp surefire_05115430885217176221tmp"/>
    <property name="jdk.debug" value="release"/>
    <property name="test" value="dao.impl.**.*Test"/>
    <property name="surefire.test.class.path" value="C:\Users\BreakingNS\Documents\ProyectoSoftwareTiendaRep\target\test-classes;C:\Users\BreakingNS\Documents\ProyectoSoftwareTiendaRep\target\classes;C:\Users\BreakingNS\.m2\repository\com\h2database\h2\2.2.220\h2-2.2.220.jar;C:\Users\BreakingNS\.m2\repository\org\junit\jupiter\junit-jupiter-api\5.9.3\junit-jupiter-api-5.9.3.jar;C:\Users\BreakingNS\.m2\repository\org\opentest4j\opentest4j\1.2.0\opentest4j-1.2.0.jar;C:\Users\BreakingNS\.m2\repository\org\junit\platform\junit-platform-commons\1.9.3\junit-platform-commons-1.9.3.jar;C:\Users\BreakingNS\.m2\repository\org\apiguardian\apiguardian-api\1.1.2\apiguardian-api-1.1.2.jar;C:\Users\BreakingNS\.m2\repository\org\junit\jupiter\junit-jupiter-engine\5.9.3\junit-jupiter-engine-5.9.3.jar;C:\Users\BreakingNS\.m2\repository\org\junit\platform\junit-platform-engine\1.9.3\junit-platform-engine-1.9.3.jar;"/>
    <property name="sun.cpu.endian" value="little"/>
    <property name="user.home" value="C:\Users\BreakingNS"/>
    <property name="user.language" value="es"/>
    <property name="java.specification.vendor" value="Oracle Corporation"/>
    <property name="java.version.date" value="2024-04-16"/>
    <property name="java.home" value="D:\Program Files\Java\jdk-17"/>
    <property name="file.separator" value="\"/>
    <property name="basedir" value="C:\Users\BreakingNS\Documents\ProyectoSoftwareTiendaRep"/>
    <property name="java.vm.compressedOopsMode" value="Zero based"/>
    <property name="line.separator" value="&#10;"/>
    <property name="java.vm.specification.vendor" value="Oracle Corporation"/>
    <property name="java.specification.name" value="Java Platform API Specification"/>
    <property name="surefire.real.class.path" value="C:\Users\BREAKI~1\AppData\Local\Temp\surefire17165656550662287536\surefirebooter5454611796602786552.jar"/>
    <property name="user.script" value=""/>
    <property name="sun.management.compiler" value="HotSpot 64-Bit Tiered Compilers"/>
    <property name="java.runtime.version" value="17.0.11+7-LTS-207"/>
    <property name="user.name" value="BreakingNS"/>
    <property name="path.separator" value=";"/>
    <property name="os.version" value="10.0"/>
    <property name="java.runtime.name" value="Java(TM) SE Runtime Environment"/>
    <property name="file.encoding" value="UTF-8"/>
    <property name="java.vm.name" value="Java HotSpot(TM) 64-Bit Server VM"/>
    <property name="maven.ext.class.path" value="D:\Program Files\NetBeans-17\netbeans\java\maven-nblib\netbeans-eventspy.jar"/>
    <property name="localRepository" value="C:\Users\BreakingNS\.m2\repository"/>
    <property name="java.vendor.url.bug" value="https://bugreport.java.com/bugreport/"/>
    <property name="java.io.tmpdir" value="C:\Users\BREAKI~1\AppData\Local\Temp\"/>
    <property name="java.version" value="17.0.11"/>
    <property name="user.dir" value="C:\Users\BreakingNS\Documents\ProyectoSoftwareTiendaRep"/>
    <property name="os.arch" value="amd64"/>
    <property name="java.vm.specification.name" value="Java Virtual Machine Specification"/>
    <property name="sun.os.patch.level" value=""/>
    <property name="native.encoding" value="Cp1252"/>
    <property name="java.library.path" value="D:\Program Files\Java\jdk-17\bin;C:\Windows\Sun\Java\bin;C:\Windows\system32;C:\Windows;C:\Windows\system32;C:\Windows;C:\Windows\System32\Wbem;C:\Windows\System32\WindowsPowerShell\v1.0\;C:\Windows\System32\OpenSSH\;D:\Program Files\Git\cmd;C:\gradle-8.7\bin;D:\Program Files\Java\jdk-17\bin;C:\Users\BreakingNS\AppData\Local\Microsoft\WindowsApps;D:\Users\BreakingNS\AppData\Local\Programs\Microsoft VS Code\bin;D:\Program Files\Java\jdk-17\bin;;."/>
    <property name="java.vm.info" value="mixed mode, sharing"/>
    <property name="java.vendor" value="Oracle Corporation"/>
    <property name="java.vm.version" value="17.0.11+7-LTS-207"/>
    <property name="sun.io.unicode.encoding" value="UnicodeLittle"/>
    <property name="java.class.version" value="61.0"/>
  </properties>
  <testcase name="pruebaModificarPrecios" classname="dao.impl.PrecioTest" time="0.016"/>
  <testcase name="pruebaObtenerPrecio" classname="dao.impl.PrecioTest" time="0.009"/>
  <testcase name="eliminarTablas" classname="dao.impl.PrecioTest" time="0.04"/>
  <testcase name="pruebaCrearPrecio" classname="dao.impl.PrecioTest" time="0"/>
  <testcase name="pruebaEliminarPrecios" classname="dao.impl.PrecioTest" time="0.002"/>
  <testcase name="pruebaObtenerPrecios" classname="dao.impl.PrecioTest" time="0.013"/>
  <testcase name="pruebaObtenerPrecioPorIdRepuesto" classname="dao.impl.PrecioTest" time="0.01"/>
</testsuite>